<?xml version="1.0" encoding="UTF-8"?>
<!-- Generated by org.testng.reporters.JUnitXMLReporter -->
<testsuite ignored="2" hostname="MacBook-Air-ONE.local" failures="0" tests="1" name="chrome" time="30.257" errors="0" timestamp="2021-12-05T17:22:18 MSK">
  <testcase classname="tests.FirstTest" name="test1" time="15.995"/>
  <testcase classname="tests.FirstTest" name="test2" time="0.0">
    <ignored/>
  </testcase> <!-- test2 -->
  <testcase classname="tests.FirstTest" name="test3" time="0.0">
    <ignored/>
  </testcase> <!-- test3 -->
</testsuite> <!-- chrome -->
