<?xml version="1.0" encoding="UTF-8"?>
<testng-results ignored="6" total="9" passed="3" failed="0" skipped="0">
  <reporter-output>
  </reporter-output>
  <suite started-at="2021-12-05T17:21:43 MSK" name="Suite1" finished-at="2021-12-05T17:22:13 MSK" duration-ms="30319">
    <groups>
    </groups>
    <test started-at="2021-12-05T17:21:43 MSK" name="firefox" finished-at="2021-12-05T17:22:13 MSK" duration-ms="30275">
      <class name="tests.FirstTest">
        <test-method is-config="true" signature="Start(java.lang.String)[pri:0, instance:tests.FirstTest@69ce2f62]" started-at="2021-12-05T17:21:48 MSK" name="Start" finished-at="2021-12-05T17:22:05 MSK" duration-ms="17226" status="PASS">
          <params>
            <param index="0">
              <value>
                <![CDATA[firefox]]>
              </value>
            </param>
          </params>
          <reporter-output>
          </reporter-output>
        </test-method> <!-- Start -->
        <test-method signature="test1()[pri:0, instance:tests.FirstTest@69ce2f62]" started-at="2021-12-05T17:22:05 MSK" name="test1" finished-at="2021-12-05T17:22:13 MSK" duration-ms="7718" status="PASS">
          <reporter-output>
          </reporter-output>
        </test-method> <!-- test1 -->
        <test-method is-config="true" signature="tearDown()[pri:0, instance:tests.FirstTest@69ce2f62]" started-at="2021-12-05T17:22:13 MSK" name="tearDown" finished-at="2021-12-05T17:22:13 MSK" duration-ms="0" status="PASS">
          <reporter-output>
          </reporter-output>
        </test-method> <!-- tearDown -->
      </class> <!-- tests.FirstTest -->
    </test> <!-- firefox -->
    <test started-at="2021-12-05T17:21:43 MSK" name="chrome" finished-at="2021-12-05T17:22:13 MSK" duration-ms="30257">
      <class name="tests.FirstTest">
        <test-method is-config="true" signature="Start(java.lang.String)[pri:0, instance:tests.FirstTest@779de014]" started-at="2021-12-05T17:21:48 MSK" name="Start" finished-at="2021-12-05T17:21:57 MSK" duration-ms="8878" status="PASS">
          <params>
            <param index="0">
              <value>
                <![CDATA[chrome]]>
              </value>
            </param>
          </params>
          <reporter-output>
          </reporter-output>
        </test-method> <!-- Start -->
        <test-method signature="test1()[pri:0, instance:tests.FirstTest@779de014]" started-at="2021-12-05T17:21:57 MSK" name="test1" finished-at="2021-12-05T17:22:13 MSK" duration-ms="15995" status="PASS">
          <reporter-output>
          </reporter-output>
        </test-method> <!-- test1 -->
        <test-method is-config="true" signature="tearDown()[pri:0, instance:tests.FirstTest@779de014]" started-at="2021-12-05T17:22:13 MSK" name="tearDown" finished-at="2021-12-05T17:22:13 MSK" duration-ms="1" status="PASS">
          <reporter-output>
          </reporter-output>
        </test-method> <!-- tearDown -->
      </class> <!-- tests.FirstTest -->
    </test> <!-- chrome -->
    <test started-at="2021-12-05T17:21:43 MSK" name="opera" finished-at="2021-12-05T17:22:13 MSK" duration-ms="30319">
      <class name="tests.FirstTest">
        <test-method is-config="true" signature="Start(java.lang.String)[pri:0, instance:tests.FirstTest@3fbfa96]" started-at="2021-12-05T17:21:48 MSK" name="Start" finished-at="2021-12-05T17:22:00 MSK" duration-ms="12234" status="PASS">
          <params>
            <param index="0">
              <value>
                <![CDATA[opera]]>
              </value>
            </param>
          </params>
          <reporter-output>
          </reporter-output>
        </test-method> <!-- Start -->
        <test-method signature="test1()[pri:0, instance:tests.FirstTest@3fbfa96]" started-at="2021-12-05T17:22:00 MSK" name="test1" finished-at="2021-12-05T17:22:13 MSK" duration-ms="12753" status="PASS">
          <reporter-output>
          </reporter-output>
        </test-method> <!-- test1 -->
        <test-method is-config="true" signature="tearDown()[pri:0, instance:tests.FirstTest@3fbfa96]" started-at="2021-12-05T17:22:13 MSK" name="tearDown" finished-at="2021-12-05T17:22:13 MSK" duration-ms="1" status="PASS">
          <reporter-output>
          </reporter-output>
        </test-method> <!-- tearDown -->
      </class> <!-- tests.FirstTest -->
    </test> <!-- opera -->
  </suite> <!-- Suite1 -->
</testng-results>
