<?xml version="1.0" encoding="UTF-8"?>
<!-- Generated by org.testng.reporters.JUnitXMLReporter -->
<testsuite hostname="MacBook-Air-ONE.local" ignored="2" name="chrome" tests="1" failures="0" timestamp="2021-12-02T13:04:56 MSK" time="31.368" errors="0">
  <testcase name="test1" time="20.237" classname="tests.FirstTest"/>
  <testcase name="test2" time="0.0" classname="tests.FirstTest">
    <ignored/>
  </testcase> <!-- test2 -->
  <testcase name="test3" time="0.0" classname="tests.FirstTest">
    <ignored/>
  </testcase> <!-- test3 -->
</testsuite> <!-- chrome -->
