<?xml version="1.0" encoding="UTF-8"?>
<!-- Generated by org.testng.reporters.JUnitXMLReporter -->
<testsuite hostname="MacBook-Air-ONE.local" ignored="2" name="firefox" tests="1" failures="0" timestamp="2021-12-02T13:05:01 MSK" time="31.455" errors="0">
  <testcase name="test1" time="15.702" classname="tests.FirstTest"/>
  <testcase name="test2" time="0.0" classname="tests.FirstTest">
    <ignored/>
  </testcase> <!-- test2 -->
  <testcase name="test3" time="0.0" classname="tests.FirstTest">
    <ignored/>
  </testcase> <!-- test3 -->
</testsuite> <!-- firefox -->
